<?xml version="1.0" encoding="UTF-8"?>
<!-- Generated by org.testng.reporters.JUnitXMLReporter -->
<testsuite ignored="1" hostname="hp-PC" failures="0" tests="2" name="Test" time="80.183" errors="0" timestamp="2021-08-28T14:14:34 IST">
  <testcase classname="ExecutePomTest.PracticeBeforeTest" name="createTypeVerify" time="21.536"/>
  <testcase classname="ExecutePomTest.PracticeBeforeTest" name="createmembrertest" time="28.184"/>
  <testcase classname="ExecutePomTest.PracticeBeforeTest" name="Cratetypetest" time="0.0">
    <ignored/>
  </testcase> <!-- Cratetypetest -->
</testsuite> <!-- Test -->
