<?xml version="1.0" encoding="UTF-8"?>
<testsuite xmlns:xsi="http://www.w3.org/2001/XMLSchema-instance" xsi:noNamespaceSchemaLocation="https://maven.apache.org/surefire/maven-surefire-plugin/xsd/surefire-test-report.xsd" name="TestSuite" time="48.839" tests="17" errors="0" skipped="14" failures="2">
  <properties>
[...]
</properties>
  <testcase name="configBC" classname="ExecutePomTest.PracticeBeforeTest" time="0.968">
    <failure message="&#10;Can inject only one of &lt;ITestContext, XmlTest&gt; into a @BeforeClass annotated configBC.&#10;For more information on native dependency injection please refer to https://testng.org/doc/documentation-main.html#native-dependency-injection" type="org.testng.TestNGException"><![CDATA[org.testng.TestNGException: 

Can inject only one of <ITestContext, XmlTest> into a @BeforeClass annotated configBC.
For more information on native dependency injection please refer to https://testng.org/doc/documentation-main.html#native-dependency-injection
]]></failure>
  </testcase>
  <testcase name="comfigBM" classname="ExecutePomTest.PracticeBeforeTest" time="0">
    <skipped/>
  </testcase>
  <testcase name="comfigBM" classname="ExecutePomTest.PracticeBeforeTest" time="0">
    <skipped/>
  </testcase>
  <testcase name="comfigBM" classname="ExecutePomTest.PracticeBeforeTest" time="0">
    <skipped/>
  </testcase>
  <testcase name="Cratetypetest" classname="ExecutePomTest.PracticeBeforeTest" time="0">
    <skipped message="&#10;Can inject only one of &lt;ITestContext, XmlTest&gt; into a @BeforeClass annotated configBC.&#10;For more information on native dependency injection please refer to https://testng.org/doc/documentation-main.html#native-dependency-injection"/>
  </testcase>
  <testcase name="configAM" classname="ExecutePomTest.PracticeBeforeTest" time="0">
    <skipped/>
  </testcase>
  <testcase name="configAM" classname="ExecutePomTest.PracticeBeforeTest" time="0">
    <skipped/>
  </testcase>
  <testcase name="configAM" classname="ExecutePomTest.PracticeBeforeTest" time="0">
    <skipped/>
  </testcase>
  <testcase name="createTypeVerify" classname="ExecutePomTest.PracticeBeforeTest" time="0">
    <skipped message="&#10;Can inject only one of &lt;ITestContext, XmlTest&gt; into a @BeforeClass annotated configBC.&#10;For more information on native dependency injection please refer to https://testng.org/doc/documentation-main.html#native-dependency-injection"/>
  </testcase>
  <testcase name="createmembrertest" classname="ExecutePomTest.PracticeBeforeTest" time="0">
    <skipped message="&#10;Can inject only one of &lt;ITestContext, XmlTest&gt; into a @BeforeClass annotated configBC.&#10;For more information on native dependency injection please refer to https://testng.org/doc/documentation-main.html#native-dependency-injection"/>
  </testcase>
  <testcase name="configAc" classname="ExecutePomTest.PracticeBeforeTest" time="0">
    <skipped/>
  </testcase>
  <testcase name="createorg" classname="seleniumprojecttest1.Testcases" time="47.06"/>
  <testcase name="configBC" classname="seleniumprojecttest1.TestscriptPom2" time="47.061">
    <failure message="&#10;Can inject only one of &lt;ITestContext, XmlTest&gt; into a @BeforeClass annotated configBC.&#10;For more information on native dependency injection please refer to https://testng.org/doc/documentation-main.html#native-dependency-injection" type="org.testng.TestNGException"><![CDATA[org.testng.TestNGException: 

Can inject only one of <ITestContext, XmlTest> into a @BeforeClass annotated configBC.
For more information on native dependency injection please refer to https://testng.org/doc/documentation-main.html#native-dependency-injection
]]></failure>
  </testcase>
  <testcase name="comfigBM" classname="seleniumprojecttest1.TestscriptPom2" time="0">
    <skipped/>
  </testcase>
  <testcase name="createType" classname="seleniumprojecttest1.TestscriptPom2" time="0">
    <skipped message="&#10;Can inject only one of &lt;ITestContext, XmlTest&gt; into a @BeforeClass annotated configBC.&#10;For more information on native dependency injection please refer to https://testng.org/doc/documentation-main.html#native-dependency-injection"/>
  </testcase>
  <testcase name="configAM" classname="seleniumprojecttest1.TestscriptPom2" time="0">
    <skipped/>
  </testcase>
  <testcase name="configAc" classname="seleniumprojecttest1.TestscriptPom2" time="0">
    <skipped/>
  </testcase>
</testsuite>